<?xml version="1.0" encoding="UTF-8"?>
<testng-results ignored="0" total="3" passed="3" failed="0" skipped="0">
  <reporter-output>
    <line>
      <![CDATA[Login Successfully executed]]>
    </line>
    <line>
      <![CDATA[<a href= /Users/sahiluppal/eclipse-workspace/DataDrivenFramework/IMG_4288 (1).jpeg Screenshot </a>]]>
    </line>
    <line>
      <![CDATA[Customer added successfully]]>
    </line>
    <line>
      <![CDATA[Customer added successfully]]>
    </line>
  </reporter-output>
  <suite started-at="2019-03-04T18:43:31Z" name="DataDrivenFramework" finished-at="2019-03-04T18:43:49Z" duration-ms="17916">
    <groups>
    </groups>
    <test started-at="2019-03-04T18:43:31Z" name="BankManagerLoginTest" finished-at="2019-03-04T18:43:36Z" duration-ms="4870">
      <class name="com.w2a.TestCases.BankManagerLoginTest">
        <test-method signature="BankManagerLogin()[pri:0, instance:com.w2a.TestCases.BankManagerLoginTest@5af3a0f]" started-at="2019-03-04T18:43:31Z" name="BankManagerLogin" finished-at="2019-03-04T18:43:36Z" duration-ms="4842" status="PASS">
          <reporter-output>
            <line>
              <![CDATA[Login Successfully executed]]>
            </line>
            <line>
              <![CDATA[<a href= /Users/sahiluppal/eclipse-workspace/DataDrivenFramework/IMG_4288 (1).jpeg Screenshot </a>]]>
            </line>
          </reporter-output>
        </test-method> <!-- BankManagerLogin -->
      </class> <!-- com.w2a.TestCases.BankManagerLoginTest -->
    </test> <!-- BankManagerLoginTest -->
    <test started-at="2019-03-04T18:43:36Z" name="Add Customer Test" finished-at="2019-03-04T18:43:49Z" duration-ms="13008">
      <class name="com.w2a.TestCases.AddCustomerTest">
        <test-method is-config="true" signature="SetUp()[pri:0, instance:com.w2a.TestCases.AddCustomerTest@5b43fbf6]" started-at="2019-03-04T18:43:25Z" name="SetUp" finished-at="2019-03-04T18:43:31Z" duration-ms="6235" status="PASS">
          <reporter-output>
          </reporter-output>
        </test-method> <!-- SetUp -->
        <test-method signature="addCustomer(java.lang.String, java.lang.String, java.lang.String, java.lang.String)[pri:0, instance:com.w2a.TestCases.AddCustomerTest@5b43fbf6]" started-at="2019-03-04T18:43:36Z" name="addCustomer" data-provider="getData" finished-at="2019-03-04T18:43:42Z" duration-ms="6568" status="PASS">
          <params>
            <param index="0">
              <value>
                <![CDATA[Debanjana]]>
              </value>
            </param>
            <param index="1">
              <value>
                <![CDATA[Das]]>
              </value>
            </param>
            <param index="2">
              <value>
                <![CDATA[28262.0]]>
              </value>
            </param>
            <param index="3">
              <value>
                <![CDATA[Customer added successfully]]>
              </value>
            </param>
          </params>
          <reporter-output>
            <line>
              <![CDATA[Customer added successfully]]>
            </line>
          </reporter-output>
        </test-method> <!-- addCustomer -->
        <test-method signature="addCustomer(java.lang.String, java.lang.String, java.lang.String, java.lang.String)[pri:0, instance:com.w2a.TestCases.AddCustomerTest@5b43fbf6]" started-at="2019-03-04T18:43:42Z" name="addCustomer" data-provider="getData" finished-at="2019-03-04T18:43:49Z" duration-ms="6369" status="PASS">
          <params>
            <param index="0">
              <value>
                <![CDATA[Sahil]]>
              </value>
            </param>
            <param index="1">
              <value>
                <![CDATA[Uppal]]>
              </value>
            </param>
            <param index="2">
              <value>
                <![CDATA[781005.0]]>
              </value>
            </param>
            <param index="3">
              <value>
                <![CDATA[Customer added successfully]]>
              </value>
            </param>
          </params>
          <reporter-output>
            <line>
              <![CDATA[Customer added successfully]]>
            </line>
          </reporter-output>
        </test-method> <!-- addCustomer -->
        <test-method is-config="true" signature="TearDown()[pri:0, instance:com.w2a.TestCases.AddCustomerTest@5b43fbf6]" started-at="2019-03-04T18:43:49Z" name="TearDown" finished-at="2019-03-04T18:43:49Z" duration-ms="148" status="PASS">
          <reporter-output>
          </reporter-output>
        </test-method> <!-- TearDown -->
      </class> <!-- com.w2a.TestCases.AddCustomerTest -->
    </test> <!-- Add Customer Test -->
  </suite> <!-- DataDrivenFramework -->
</testng-results>
